   1               		.file	"debug.c"
   2               	__SREG__ = 0x3f
   3               	__SP_H__ = 0x3e
   4               	__SP_L__ = 0x3d
   5               	__CCP__  = 0x34
   6               	__tmp_reg__ = 0
   7               	__zero_reg__ = 1
  15               	.Ltext0:
  16               	.global	debug_struct_init
  18               	debug_struct_init:
  19               	.LFB6:
  20               	.LM1:
  21               	/* prologue: function */
  22               	/* frame size = 0 */
  23               	.LM2:
  24 0000 1092 0000 		sts debug,__zero_reg__
  25               	.LM3:
  26 0004 1092 0000 		sts debug+1,__zero_reg__
  27               	.LM4:
  28 0008 81E0      		ldi r24,lo8(1)
  29 000a 8093 0000 		sts debug+2,r24
  30 000e 80E0      		ldi r24,lo8(0)
  31 0010 90E0      		ldi r25,hi8(0)
  32               	.L2:
  33               	.LBB32:
  34               	.LM5:
  35 0012 FC01      		movw r30,r24
  36 0014 E050      		subi r30,lo8(-(debug))
  37 0016 F040      		sbci r31,hi8(-(debug))
  38 0018 1382      		std Z+3,__zero_reg__
  39 001a 0196      		adiw r24,1
  40               	.LM6:
  41 001c 8032      		cpi r24,32
  42 001e 9105      		cpc r25,__zero_reg__
  43 0020 01F4      		brne .L2
  44               	.LBE32:
  45               	.LM7:
  46 0022 1092 0000 		sts debug+35,__zero_reg__
  47 0026 E0E0      		ldi r30,lo8(debug+36)
  48 0028 F0E0      		ldi r31,hi8(debug+36)
  49               	.L3:
  50               	.LBB33:
  51               	.LM8:
  52 002a 1192      		st Z+,__zero_reg__
  53               	.LM9:
  54 002c 80E0      		ldi r24,hi8(debug+44)
  55 002e E030      		cpi r30,lo8(debug+44)
  56 0030 F807      		cpc r31,r24
  57 0032 01F4      		brne .L3
  58               	.LBE33:
  59               	.LM10:
  60 0034 1082      		st Z,__zero_reg__
  61               	/* epilogue start */
  62               	.LM11:
  63 0036 0895      		ret
  64               	.LFE6:
  66               	.global	debug_timings_init
  68               	debug_timings_init:
  69               	.LFB7:
  70               	.LM12:
  71               	/* prologue: function */
  72               	/* frame size = 0 */
  73               	.LM13:
  74 0038 1092 B000 		sts 176,__zero_reg__
  75               	.LM14:
  76 003c 1092 B100 		sts 177,__zero_reg__
  77               	.LM15:
  78 0040 1092 7000 		sts 112,__zero_reg__
  79               	.LM16:
  80 0044 8FEF      		ldi r24,lo8(-1)
  81 0046 87BB      		out 55-32,r24
  82               	.LM17:
  83 0048 E8E6      		ldi r30,lo8(104)
  84 004a F0E0      		ldi r31,hi8(104)
  85 004c 8081      		ld r24,Z
  86 004e 8460      		ori r24,lo8(4)
  87 0050 8083      		st Z,r24
  88               	.LM18:
  89 0052 EDE6      		ldi r30,lo8(109)
  90 0054 F0E0      		ldi r31,hi8(109)
  91 0056 8081      		ld r24,Z
  92 0058 8160      		ori r24,lo8(1)
  93 005a 8083      		st Z,r24
  94               	.LM19:
  95 005c DA9A      		sbi 59-32,2
  96               	.LM20:
  97               	/* #APP */
  98               	 ;  98 "debug.c" 1
  99 005e 7894      		sei
 100               	 ;  0 "" 2
 101               	/* epilogue start */
 102               	.LM21:
 103               	/* #NOAPP */
 104 0060 0895      		ret
 105               	.LFE7:
 107               	.global	debug_timer_start
 109               	debug_timer_start:
 110               	.LFB8:
 111               	.LM22:
 112               	/* prologue: function */
 113               	/* frame size = 0 */
 114               	.LM23:
 115 0062 8FEF      		ldi r24,lo8(-1)
 116 0064 87BB      		out 55-32,r24
 117               	.LM24:
 118 0066 E0E7      		ldi r30,lo8(112)
 119 0068 F0E0      		ldi r31,hi8(112)
 120 006a 1082      		st Z,__zero_reg__
 121               	.LM25:
 122 006c 8AE0      		ldi r24,lo8(10)
 123 006e 8093 B200 		sts 178,r24
 124               	.LM26:
 125 0072 84E0      		ldi r24,lo8(4)
 126 0074 8093 B100 		sts 177,r24
 127               	.LM27:
 128 0078 81E0      		ldi r24,lo8(1)
 129 007a 87BB      		out 55-32,r24
 130               	.LM28:
 131 007c 8083      		st Z,r24
 132               	/* epilogue start */
 133               	.LM29:
 134 007e 0895      		ret
 135               	.LFE8:
 137               	.global	debug_timer_stop
 139               	debug_timer_stop:
 140               	.LFB9:
 141               	.LM30:
 142               	/* prologue: function */
 143               	/* frame size = 0 */
 144               	.LM31:
 145 0080 1092 7000 		sts 112,__zero_reg__
 146               	.LM32:
 147 0084 1092 B100 		sts 177,__zero_reg__
 148               	.LM33:
 149 0088 1092 B200 		sts 178,__zero_reg__
 150               	/* epilogue start */
 151               	.LM34:
 152 008c 0895      		ret
 153               	.LFE9:
 155               	.global	debug_gpio_init
 157               	debug_gpio_init:
 158               	.LFB10:
 159               	.LM35:
 160               	/* prologue: function */
 161               	/* frame size = 0 */
 162               	.LM36:
 163 008e 519A      		sbi 42-32,1
 164               	.LM37:
 165 0090 599A      		sbi 43-32,1
 166               	.LM38:
 167 0092 5098      		cbi 42-32,0
 168               	.LM39:
 169 0094 589A      		sbi 43-32,0
 170               	/* epilogue start */
 171               	.LM40:
 172 0096 0895      		ret
 173               	.LFE10:
 175               	.global	debug_tx_high
 177               	debug_tx_high:
 178               	.LFB11:
 179               	.LM41:
 180               	/* prologue: function */
 181               	/* frame size = 0 */
 182               	.LM42:
 183 0098 599A      		sbi 43-32,1
 184               	/* epilogue start */
 185               	.LM43:
 186 009a 0895      		ret
 187               	.LFE11:
 189               	.global	debug_tx_low
 191               	debug_tx_low:
 192               	.LFB12:
 193               	.LM44:
 194               	/* prologue: function */
 195               	/* frame size = 0 */
 196               	.LM45:
 197 009c 5998      		cbi 43-32,1
 198               	/* epilogue start */
 199               	.LM46:
 200 009e 0895      		ret
 201               	.LFE12:
 203               	.global	debug_tx_set
 205               	debug_tx_set:
 206               	.LFB13:
 207               	.LM47:
 208               	.LVL0:
 209               	/* prologue: function */
 210               	/* frame size = 0 */
 211               	.LM48:
 212 00a0 8130      		cpi r24,lo8(1)
 213 00a2 01F4      		brne .L20
 214               	.LBB34:
 215               	.LBB35:
 216               	.LM49:
 217 00a4 599A      		sbi 43-32,1
 218 00a6 0895      		ret
 219               	.L20:
 220               	.LBE35:
 221               	.LBE34:
 222               	.LBB36:
 223               	.LBB37:
 224               	.LM50:
 225 00a8 5998      		cbi 43-32,1
 226 00aa 0895      		ret
 227               	.LBE37:
 228               	.LBE36:
 229               	.LFE13:
 231               	.global	debug_rx_get
 233               	debug_rx_get:
 234               	.LFB14:
 235               	.LM51:
 236               	/* prologue: function */
 237               	/* frame size = 0 */
 238               	.LM52:
 239 00ac 89B1      		in r24,41-32
 240               	.LM53:
 241 00ae 8170      		andi r24,lo8(1)
 242               	/* epilogue start */
 243 00b0 0895      		ret
 244               	.LFE14:
 246               	.global	debug_delay
 248               	debug_delay:
 249               	.LFB15:
 250               	.LM54:
 251               	.LVL1:
 252               	/* prologue: function */
 253               	/* frame size = 0 */
 254 00b2 9C01      		movw r18,r24
 255               	.LM55:
 256 00b4 1092 B200 		sts 178,__zero_reg__
 257               	.LM56:
 258 00b8 81E0      		ldi r24,lo8(1)
 259               	.LVL2:
 260 00ba 8093 B100 		sts 177,r24
 261               	.L26:
 262               	.LM57:
 263 00be 8091 B200 		lds r24,178
 264 00c2 8233      		cpi r24,lo8(50)
 265 00c4 00F0      		brlo .L26
 266               	.LM58:
 267 00c6 1092 B200 		sts 178,__zero_reg__
 268               	.L27:
 269               	.LM59:
 270 00ca 8091 B200 		lds r24,178
 271 00ce 90E0      		ldi r25,lo8(0)
 272 00d0 8217      		cp r24,r18
 273 00d2 9307      		cpc r25,r19
 274 00d4 00F0      		brlo .L27
 275               	.LM60:
 276 00d6 1092 B100 		sts 177,__zero_reg__
 277               	/* epilogue start */
 278               	.LM61:
 279 00da 0895      		ret
 280               	.LFE15:
 282               	.global	debug_delay_index_0
 284               	debug_delay_index_0:
 285               	.LFB16:
 286               	.LM62:
 287               	/* prologue: function */
 288               	/* frame size = 0 */
 289               	.LM63:
 290 00dc 8091 0000 		lds r24,TIM2_BAUD_38400
 291 00e0 9091 0000 		lds r25,(TIM2_BAUD_38400)+1
 292 00e4 0E94 0000 		call debug_delay
 293               	/* epilogue start */
 294               	.LM64:
 295 00e8 0895      		ret
 296               	.LFE16:
 298               	.global	debug_delay_index_1
 300               	debug_delay_index_1:
 301               	.LFB17:
 302               	.LM65:
 303               	/* prologue: function */
 304               	/* frame size = 0 */
 305               	.LM66:
 306 00ea 8091 0000 		lds r24,TIM2_BAUD_38400+2
 307 00ee 9091 0000 		lds r25,(TIM2_BAUD_38400+2)+1
 308 00f2 0E94 0000 		call debug_delay
 309               	/* epilogue start */
 310               	.LM67:
 311 00f6 0895      		ret
 312               	.LFE17:
 314               	.global	debug_delay_index_2
 316               	debug_delay_index_2:
 317               	.LFB18:
 318               	.LM68:
 319               	/* prologue: function */
 320               	/* frame size = 0 */
 321               	.LM69:
 322 00f8 8091 0000 		lds r24,TIM2_BAUD_38400+4
 323 00fc 9091 0000 		lds r25,(TIM2_BAUD_38400+4)+1
 324 0100 0E94 0000 		call debug_delay
 325               	/* epilogue start */
 326               	.LM70:
 327 0104 0895      		ret
 328               	.LFE18:
 330               	.global	debug_tx_byte
 332               	debug_tx_byte:
 333               	.LFB19:
 334               	.LM71:
 335               	.LVL3:
 336 0106 DF92      		push r13
 337 0108 EF92      		push r14
 338 010a FF92      		push r15
 339 010c 0F93      		push r16
 340 010e 1F93      		push r17
 341 0110 DF93      		push r29
 342 0112 CF93      		push r28
 343 0114 CDB7      		in r28,__SP_L__
 344 0116 DEB7      		in r29,__SP_H__
 345 0118 2A97      		sbiw r28,10
 346 011a 0FB6      		in __tmp_reg__,__SREG__
 347 011c F894      		cli
 348 011e DEBF      		out __SP_H__,r29
 349 0120 0FBE      		out __SREG__,__tmp_reg__
 350 0122 CDBF      		out __SP_L__,r28
 351               	/* prologue: function */
 352               	/* frame size = 10 */
 353               	.LM72:
 354 0124 FE01      		movw r30,r28
 355 0126 3196      		adiw r30,1
 356 0128 9AE0      		ldi r25,lo8(10)
 357 012a DF01      		movw r26,r30
 358 012c 1D92      		st X+,__zero_reg__
 359 012e 9A95      	        dec r25
 360 0130 01F4      		brne .-6
 361 0132 91E0      		ldi r25,lo8(1)
 362 0134 9A87      		std Y+10,r25
 363 0136 FE01      		movw r30,r28
 364 0138 3296      		adiw r30,2
 365 013a 20E0      		ldi r18,lo8(0)
 366 013c 30E0      		ldi r19,hi8(0)
 367               	.LBB38:
 368               	.LM73:
 369 013e 482F      		mov r20,r24
 370 0140 50E0      		ldi r21,lo8(0)
 371               	.LVL4:
 372               	.LM74:
 373 0142 61E0      		ldi r22,lo8(1)
 374               	.LVL5:
 375               	.L40:
 376               	.LM75:
 377 0144 CA01      		movw r24,r20
 378 0146 022E      		mov r0,r18
 379 0148 00C0      		rjmp 2f
 380 014a 9595      	1:	asr r25
 381 014c 8795      		ror r24
 382 014e 0A94      	2:	dec r0
 383 0150 02F4      		brpl 1b
 384 0152 80FF      		sbrs r24,0
 385 0154 00C0      		rjmp .L38
 386               	.LM76:
 387 0156 6083      		st Z,r22
 388 0158 00C0      		rjmp .L39
 389               	.L38:
 390               	.LM77:
 391 015a 1082      		st Z,__zero_reg__
 392               	.L39:
 393 015c 2F5F      		subi r18,lo8(-(1))
 394 015e 3F4F      		sbci r19,hi8(-(1))
 395 0160 3196      		adiw r30,1
 396               	.LM78:
 397 0162 2830      		cpi r18,8
 398 0164 3105      		cpc r19,__zero_reg__
 399 0166 01F4      		brne .L40
 400               	.LBE38:
 401               	.LM79:
 402 0168 DFB6      		in r13,__SREG__
 403               	.LVL6:
 404               	.LM80:
 405               	/* #APP */
 406               	 ;  395 "debug.c" 1
 407 016a F894      		cli
 408               	 ;  0 "" 2
 409               	/* #NOAPP */
 410 016c 8E01      		movw r16,r28
 411 016e 0F5F      		subi r16,lo8(-(1))
 412 0170 1F4F      		sbci r17,hi8(-(1))
 413               	.LBB39:
 414               	.LM81:
 415 0172 8BE0      		ldi r24,lo8(11)
 416 0174 E82E      		mov r14,r24
 417 0176 F12C      		mov r15,__zero_reg__
 418 0178 EC0E      		add r14,r28
 419 017a FD1E      		adc r15,r29
 420               	.L43:
 421               	.LBB40:
 422               	.LBB41:
 423               	.LM82:
 424 017c F801      		movw r30,r16
 425 017e 8081      		ld r24,Z
 426 0180 8130      		cpi r24,lo8(1)
 427 0182 01F4      		brne .L41
 428               	.LBB42:
 429               	.LBB43:
 430               	.LM83:
 431 0184 599A      		sbi 43-32,1
 432 0186 00C0      		rjmp .L42
 433               	.L41:
 434               	.LBE43:
 435               	.LBE42:
 436               	.LBB44:
 437               	.LBB45:
 438               	.LM84:
 439 0188 5998      		cbi 43-32,1
 440               	.L42:
 441               	.LBE45:
 442               	.LBE44:
 443               	.LBE41:
 444               	.LBE40:
 445               	.LM85:
 446 018a 0E94 0000 		call debug_delay_index_0
 447               	.LVL7:
 448 018e 0F5F      		subi r16,lo8(-(1))
 449 0190 1F4F      		sbci r17,hi8(-(1))
 450               	.LM86:
 451 0192 0E15      		cp r16,r14
 452 0194 1F05      		cpc r17,r15
 453 0196 01F4      		brne .L43
 454               	.LBE39:
 455               	.LM87:
 456 0198 DFBE      		out __SREG__,r13
 457               	/* epilogue start */
 458               	.LM88:
 459 019a 2A96      		adiw r28,10
 460 019c 0FB6      		in __tmp_reg__,__SREG__
 461 019e F894      		cli
 462 01a0 DEBF      		out __SP_H__,r29
 463 01a2 0FBE      		out __SREG__,__tmp_reg__
 464 01a4 CDBF      		out __SP_L__,r28
 465 01a6 CF91      		pop r28
 466 01a8 DF91      		pop r29
 467 01aa 1F91      		pop r17
 468 01ac 0F91      		pop r16
 469 01ae FF90      		pop r15
 470 01b0 EF90      		pop r14
 471 01b2 DF90      		pop r13
 472               	.LVL8:
 473 01b4 0895      		ret
 474               	.LFE19:
 476               	.global	debug_rx_byte
 478               	debug_rx_byte:
 479               	.LFB20:
 480               	.LM89:
 481 01b6 FF92      		push r15
 482 01b8 0F93      		push r16
 483 01ba 1F93      		push r17
 484               	/* prologue: function */
 485               	/* frame size = 0 */
 486               	.LBB46:
 487               	.LM90:
 488 01bc 489B      		sbis 41-32,0
 489 01be 00C0      		rjmp .L48
 490               	.LBE46:
 491               	.LM91:
 492 01c0 82E0      		ldi r24,lo8(2)
 493 01c2 00C0      		rjmp .L56
 494               	.LVL9:
 495               	.L52:
 496               	.LBB47:
 497               	.LBB53:
 498               	.LM92:
 499 01c4 0E94 0000 		call debug_delay_index_1
 500               	.LBB54:
 501               	.LM93:
 502 01c8 4899      		sbic 41-32,0
 503               	.LBE54:
 504               	.LM94:
 505 01ca 0068      		ori r16,lo8(-128)
 506               	.L50:
 507               	.LM95:
 508 01cc 1730      		cpi r17,lo8(7)
 509 01ce 01F0      		breq .L51
 510               	.LM96:
 511 01d0 0695      		lsr r16
 512               	.L51:
 513               	.LM97:
 514 01d2 1F5F      		subi r17,lo8(-(1))
 515 01d4 1830      		cpi r17,lo8(8)
 516 01d6 01F4      		brne .L52
 517               	.LBE53:
 518               	.LM98:
 519 01d8 0E94 0000 		call debug_delay_index_1
 520               	.LBB51:
 521               	.LBB52:
 522               	.LM99:
 523 01dc 89B1      		in r24,41-32
 524               	.LBE52:
 525               	.LBE51:
 526               	.LBB49:
 527               	.LM100:
 528 01de F0FC      		sbrc r15,0
 529 01e0 00C0      		rjmp .L53
 530               	.LBE49:
 531               	.LBB48:
 532               	.LM101:
 533 01e2 80FF      		sbrs r24,0
 534 01e4 00C0      		rjmp .L53
 535               	.LBE48:
 536               	.LM102:
 537 01e6 0093 0000 		sts debug+1,r16
 538               	.LM103:
 539 01ea 1092 0000 		sts debug,__zero_reg__
 540 01ee 00C0      		rjmp .L49
 541               	.L53:
 542               	.LM104:
 543 01f0 81E0      		ldi r24,lo8(1)
 544               	.L56:
 545 01f2 8093 0000 		sts debug,r24
 546               	.L49:
 547               	.LBE47:
 548               	.LM105:
 549 01f6 8091 0000 		lds r24,debug+1
 550               	/* epilogue start */
 551               	.LM106:
 552 01fa 1F91      		pop r17
 553               	.LVL10:
 554 01fc 0F91      		pop r16
 555               	.LVL11:
 556 01fe FF90      		pop r15
 557 0200 0895      		ret
 558               	.L48:
 559               	.LBB56:
 560               	.LM107:
 561 0202 0E94 0000 		call debug_delay_index_2
 562               	.LBB55:
 563               	.LBB50:
 564               	.LM108:
 565 0206 F9B0      		in r15,41-32
 566 0208 00E0      		ldi r16,lo8(0)
 567               	.LVL12:
 568 020a 10E0      		ldi r17,lo8(0)
 569               	.LVL13:
 570 020c 00C0      		rjmp .L52
 571               	.LBE50:
 572               	.LBE55:
 573               	.LBE56:
 574               	.LFE20:
 576               	.global	debug_rx_byte_get
 578               	debug_rx_byte_get:
 579               	.LFB21:
 580               	.LM109:
 581               	/* prologue: function */
 582               	/* frame size = 0 */
 583               	.LM110:
 584 020e 8091 0000 		lds r24,debug+1
 585               	/* epilogue start */
 586               	.LM111:
 587 0212 0895      		ret
 588               	.LFE21:
 590               	.global	debug_rx_byte_clear
 592               	debug_rx_byte_clear:
 593               	.LFB22:
 594               	.LM112:
 595               	/* prologue: function */
 596               	/* frame size = 0 */
 597               	.LM113:
 598 0214 1092 0000 		sts debug+1,__zero_reg__
 599               	/* epilogue start */
 600               	.LM114:
 601 0218 0895      		ret
 602               	.LFE22:
 604               	.global	debug_rx_byte_set
 606               	debug_rx_byte_set:
 607               	.LFB23:
 608               	.LM115:
 609               	.LVL14:
 610               	/* prologue: function */
 611               	/* frame size = 0 */
 612               	.LM116:
 613 021a 8093 0000 		sts debug+1,r24
 614               	/* epilogue start */
 615               	.LM117:
 616 021e 0895      		ret
 617               	.LFE23:
 619               	.global	debug_tx_hex
 621               	debug_tx_hex:
 622               	.LFB24:
 623               	.LM118:
 624               	.LVL15:
 625 0220 BF92      		push r11
 626 0222 CF92      		push r12
 627 0224 DF92      		push r13
 628 0226 EF92      		push r14
 629 0228 FF92      		push r15
 630 022a 0F93      		push r16
 631 022c 1F93      		push r17
 632 022e CF93      		push r28
 633 0230 DF93      		push r29
 634               	/* prologue: function */
 635               	/* frame size = 0 */
 636 0232 7B01      		movw r14,r22
 637 0234 8C01      		movw r16,r24
 638               	.LM119:
 639 0236 8FEF      		ldi r24,lo8(255)
 640 0238 E816      		cp r14,r24
 641 023a F104      		cpc r15,__zero_reg__
 642 023c 0105      		cpc r16,__zero_reg__
 643 023e 1105      		cpc r17,__zero_reg__
 644 0240 01F0      		breq .+2
 645 0242 00F4      		brsh .L64
 646               	.LVL16:
 647 0244 C8E0      		ldi r28,lo8(8)
 648 0246 D0E0      		ldi r29,hi8(8)
 649               	.LVL17:
 650 0248 32E0      		ldi r19,lo8(2)
 651 024a C32E      		mov r12,r19
 652 024c D12C      		mov r13,__zero_reg__
 653               	.LVL18:
 654 024e 00C0      		rjmp .L65
 655               	.LVL19:
 656               	.L64:
 657               	.LM120:
 658 0250 80E0      		ldi r24,lo8(65536)
 659 0252 E816      		cp r14,r24
 660 0254 80E0      		ldi r24,hi8(65536)
 661 0256 F806      		cpc r15,r24
 662 0258 81E0      		ldi r24,hlo8(65536)
 663 025a 0807      		cpc r16,r24
 664 025c 80E0      		ldi r24,hhi8(65536)
 665 025e 1807      		cpc r17,r24
 666 0260 00F0      		brlo .L66
 667 0262 C0E2      		ldi r28,lo8(32)
 668 0264 D0E0      		ldi r29,hi8(32)
 669               	.LVL20:
 670 0266 28E0      		ldi r18,lo8(8)
 671 0268 C22E      		mov r12,r18
 672 026a D12C      		mov r13,__zero_reg__
 673               	.LVL21:
 674 026c 00C0      		rjmp .L65
 675               	.LVL22:
 676               	.L66:
 677 026e C0E1      		ldi r28,lo8(16)
 678 0270 D0E0      		ldi r29,hi8(16)
 679               	.LVL23:
 680 0272 94E0      		ldi r25,lo8(4)
 681 0274 C92E      		mov r12,r25
 682 0276 D12C      		mov r13,__zero_reg__
 683               	.LVL24:
 684               	.L65:
 685               	.LM121:
 686 0278 80E3      		ldi r24,lo8(48)
 687 027a 0E94 0000 		call debug_tx_byte
 688               	.LM122:
 689 027e 88E7      		ldi r24,lo8(120)
 690 0280 0E94 0000 		call debug_tx_byte
 691 0284 BB24      		clr r11
 692               	.LVL25:
 693 0286 00C0      		rjmp .L67
 694               	.LVL26:
 695               	.L70:
 696               	.LBB57:
 697               	.LM123:
 698 0288 2497      		sbiw r28,4
 699               	.LM124:
 700 028a D801      		movw r26,r16
 701 028c C701      		movw r24,r14
 702               	.LVL27:
 703 028e 0C2E      		mov r0,r28
 704 0290 00C0      		rjmp 2f
 705 0292 B695      	1:	lsr r27
 706 0294 A795      		ror r26
 707 0296 9795      		ror r25
 708 0298 8795      		ror r24
 709 029a 0A94      	2:	dec r0
 710 029c 02F4      		brpl 1b
 711 029e 90E0      		ldi r25,lo8(0)
 712               	.LVL28:
 713 02a0 8F70      		andi r24,lo8(15)
 714 02a2 9070      		andi r25,hi8(15)
 715               	.LVL29:
 716               	.LM125:
 717 02a4 8A30      		cpi r24,10
 718 02a6 9105      		cpc r25,__zero_reg__
 719 02a8 00F0      		brlo .L68
 720               	.LM126:
 721 02aa C796      		adiw r24,55
 722               	.LVL30:
 723 02ac 00C0      		rjmp .L69
 724               	.L68:
 725               	.LM127:
 726 02ae C096      		adiw r24,48
 727               	.LVL31:
 728               	.L69:
 729               	.LM128:
 730 02b0 0E94 0000 		call debug_tx_byte
 731               	.LVL32:
 732               	.LM129:
 733 02b4 B394      		inc r11
 734               	.L67:
 735 02b6 8B2D      		mov r24,r11
 736 02b8 90E0      		ldi r25,lo8(0)
 737               	.LVL33:
 738 02ba 8C15      		cp r24,r12
 739 02bc 9D05      		cpc r25,r13
 740 02be 00F0      		brlo .L70
 741               	.LVL34:
 742               	/* epilogue start */
 743               	.LBE57:
 744               	.LM130:
 745 02c0 DF91      		pop r29
 746 02c2 CF91      		pop r28
 747               	.LVL35:
 748 02c4 1F91      		pop r17
 749 02c6 0F91      		pop r16
 750 02c8 FF90      		pop r15
 751 02ca EF90      		pop r14
 752               	.LVL36:
 753 02cc DF90      		pop r13
 754 02ce CF90      		pop r12
 755               	.LVL37:
 756 02d0 BF90      		pop r11
 757 02d2 0895      		ret
 758               	.LFE24:
 760               	.global	debug_tx_bin
 762               	debug_tx_bin:
 763               	.LFB25:
 764               	.LM131:
 765               	.LVL38:
 766 02d4 AF92      		push r10
 767 02d6 BF92      		push r11
 768 02d8 CF92      		push r12
 769 02da DF92      		push r13
 770 02dc EF92      		push r14
 771 02de FF92      		push r15
 772 02e0 0F93      		push r16
 773 02e2 1F93      		push r17
 774 02e4 CF93      		push r28
 775 02e6 DF93      		push r29
 776               	/* prologue: function */
 777               	/* frame size = 0 */
 778 02e8 7B01      		movw r14,r22
 779 02ea 8C01      		movw r16,r24
 780               	.LM132:
 781 02ec 6F3F      		cpi r22,lo8(255)
 782 02ee 7105      		cpc r23,__zero_reg__
 783 02f0 8105      		cpc r24,__zero_reg__
 784 02f2 9105      		cpc r25,__zero_reg__
 785 02f4 01F0      		breq .+2
 786 02f6 00F4      		brsh .L73
 787 02f8 67E0      		ldi r22,lo8(7)
 788 02fa D62E      		mov r13,r22
 789               	.LVL39:
 790 02fc 00C0      		rjmp .L74
 791               	.LVL40:
 792               	.L73:
 793               	.LM133:
 794 02fe 6030      		cpi r22,lo8(65536)
 795 0300 30E0      		ldi r19,hi8(65536)
 796 0302 7307      		cpc r23,r19
 797 0304 31E0      		ldi r19,hlo8(65536)
 798 0306 8307      		cpc r24,r19
 799 0308 30E0      		ldi r19,hhi8(65536)
 800 030a 9307      		cpc r25,r19
 801 030c 00F0      		brlo .L75
 802 030e 5FE1      		ldi r21,lo8(31)
 803 0310 D52E      		mov r13,r21
 804               	.LVL41:
 805 0312 00C0      		rjmp .L74
 806               	.LVL42:
 807               	.L75:
 808 0314 4FE0      		ldi r20,lo8(15)
 809 0316 D42E      		mov r13,r20
 810               	.LVL43:
 811               	.L74:
 812               	.LM134:
 813 0318 80E3      		ldi r24,lo8(48)
 814 031a 0E94 0000 		call debug_tx_byte
 815               	.LM135:
 816 031e 82E6      		ldi r24,lo8(98)
 817 0320 0E94 0000 		call debug_tx_byte
 818 0324 C0E0      		ldi r28,lo8(0)
 819 0326 D0E0      		ldi r29,hi8(0)
 820               	.LM136:
 821 0328 CD2C      		mov r12,r13
 822 032a DD24      		clr r13
 823               	.LVL44:
 824               	.LBB58:
 825               	.LM137:
 826 032c 5601      		movw r10,r12
 827 032e 0894      		sec
 828 0330 A11C      		adc r10,__zero_reg__
 829 0332 B11C      		adc r11,__zero_reg__
 830               	.L78:
 831               	.LM138:
 832 0334 C601      		movw r24,r12
 833 0336 8C1B      		sub r24,r28
 834 0338 9D0B      		sbc r25,r29
 835 033a A801      		movw r20,r16
 836 033c 9701      		movw r18,r14
 837 033e 00C0      		rjmp 2f
 838 0340 5695      	1:	lsr r21
 839 0342 4795      		ror r20
 840 0344 3795      		ror r19
 841 0346 2795      		ror r18
 842 0348 8A95      	2:	dec r24
 843 034a 02F4      		brpl 1b
 844 034c DA01      		movw r26,r20
 845 034e C901      		movw r24,r18
 846 0350 8170      		andi r24,lo8(1)
 847 0352 9070      		andi r25,hi8(1)
 848 0354 892B      		or r24,r25
 849 0356 01F0      		breq .L76
 850               	.LM139:
 851 0358 81E3      		ldi r24,lo8(49)
 852 035a 00C0      		rjmp .L81
 853               	.L76:
 854               	.LM140:
 855 035c 80E3      		ldi r24,lo8(48)
 856               	.L81:
 857 035e 0E94 0000 		call debug_tx_byte
 858 0362 2196      		adiw r28,1
 859               	.LM141:
 860 0364 CA15      		cp r28,r10
 861 0366 DB05      		cpc r29,r11
 862 0368 01F4      		brne .L78
 863               	/* epilogue start */
 864               	.LBE58:
 865               	.LM142:
 866 036a DF91      		pop r29
 867 036c CF91      		pop r28
 868 036e 1F91      		pop r17
 869 0370 0F91      		pop r16
 870 0372 FF90      		pop r15
 871 0374 EF90      		pop r14
 872               	.LVL45:
 873 0376 DF90      		pop r13
 874 0378 CF90      		pop r12
 875 037a BF90      		pop r11
 876 037c AF90      		pop r10
 877 037e 0895      		ret
 878               	.LFE25:
 880               	.global	debug_tx_nl
 882               	debug_tx_nl:
 883               	.LFB26:
 884               	.LM143:
 885               	/* prologue: function */
 886               	/* frame size = 0 */
 887               	.LM144:
 888 0380 8DE0      		ldi r24,lo8(13)
 889 0382 0E94 0000 		call debug_tx_byte
 890               	.LM145:
 891 0386 8AE0      		ldi r24,lo8(10)
 892 0388 0E94 0000 		call debug_tx_byte
 893               	/* epilogue start */
 894               	.LM146:
 895 038c 0895      		ret
 896               	.LFE26:
 898               	.global	debug_tx_sp
 900               	debug_tx_sp:
 901               	.LFB27:
 902               	.LM147:
 903               	/* prologue: function */
 904               	/* frame size = 0 */
 905               	.LM148:
 906 038e 80E2      		ldi r24,lo8(32)
 907 0390 0E94 0000 		call debug_tx_byte
 908               	/* epilogue start */
 909               	.LM149:
 910 0394 0895      		ret
 911               	.LFE27:
 913               	.global	debug_tx_cm
 915               	debug_tx_cm:
 916               	.LFB28:
 917               	.LM150:
 918               	/* prologue: function */
 919               	/* frame size = 0 */
 920               	.LM151:
 921 0396 8CE2      		ldi r24,lo8(44)
 922 0398 0E94 0000 		call debug_tx_byte
 923               	/* epilogue start */
 924               	.LM152:
 925 039c 0895      		ret
 926               	.LFE28:
 928               	.global	debug_tx_text
 930               	debug_tx_text:
 931               	.LFB29:
 932               	.LM153:
 933               	.LVL46:
 934 039e 1F93      		push r17
 935 03a0 CF93      		push r28
 936 03a2 DF93      		push r29
 937               	/* prologue: function */
 938               	/* frame size = 0 */
 939 03a4 EC01      		movw r28,r24
 940               	.LM154:
 941 03a6 10E0      		ldi r17,lo8(0)
 942               	.LVL47:
 943 03a8 00C0      		rjmp .L89
 944               	.LVL48:
 945               	.L90:
 946               	.LM155:
 947 03aa 0E94 0000 		call debug_tx_byte
 948               	.LM156:
 949 03ae 1F5F      		subi r17,lo8(-(1))
 950               	.LVL49:
 951               	.L89:
 952               	.LM157:
 953 03b0 FE01      		movw r30,r28
 954 03b2 E10F      		add r30,r17
 955 03b4 F11D      		adc r31,__zero_reg__
 956 03b6 8081      		ld r24,Z
 957 03b8 8823      		tst r24
 958 03ba 01F4      		brne .L90
 959               	/* epilogue start */
 960               	.LM158:
 961 03bc DF91      		pop r29
 962 03be CF91      		pop r28
 963               	.LVL50:
 964 03c0 1F91      		pop r17
 965               	.LVL51:
 966 03c2 0895      		ret
 967               	.LFE29:
 969               	.global	debug_tx_text_nl
 971               	debug_tx_text_nl:
 972               	.LFB30:
 973               	.LM159:
 974               	.LVL52:
 975               	/* prologue: function */
 976               	/* frame size = 0 */
 977               	.LM160:
 978 03c4 0E94 0000 		call debug_tx_text
 979               	.LVL53:
 980               	.LM161:
 981 03c8 0E94 0000 		call debug_tx_nl
 982               	/* epilogue start */
 983               	.LM162:
 984 03cc 0895      		ret
 985               	.LFE30:
 987               	.global	debug_tx_text_sp
 989               	debug_tx_text_sp:
 990               	.LFB31:
 991               	.LM163:
 992               	.LVL54:
 993               	/* prologue: function */
 994               	/* frame size = 0 */
 995               	.LM164:
 996 03ce 0E94 0000 		call debug_tx_text
 997               	.LVL55:
 998               	.LM165:
 999 03d2 0E94 0000 		call debug_tx_sp
 1000               	/* epilogue start */
 1001               	.LM166:
 1002 03d6 0895      		ret
 1003               	.LFE31:
 1005               	.global	debug_tx_text_cm
 1007               	debug_tx_text_cm:
 1008               	.LFB32:
 1009               	.LM167:
 1010               	.LVL56:
 1011               	/* prologue: function */
 1012               	/* frame size = 0 */
 1013               	.LM168:
 1014 03d8 0E94 0000 		call debug_tx_text
 1015               	.LVL57:
 1016               	.LM169:
 1017 03dc 0E94 0000 		call debug_tx_cm
 1018               	/* epilogue start */
 1019               	.LM170:
 1020 03e0 0895      		ret
 1021               	.LFE32:
 1023               	.global	debug_determine_digit_numbers
 1025               	debug_determine_digit_numbers:
 1026               	.LFB33:
 1027               	.LM171:
 1028               	.LVL58:
 1029 03e2 BF92      		push r11
 1030 03e4 CF92      		push r12
 1031 03e6 DF92      		push r13
 1032 03e8 EF92      		push r14
 1033 03ea FF92      		push r15
 1034 03ec 0F93      		push r16
 1035 03ee 1F93      		push r17
 1036               	/* prologue: function */
 1037               	/* frame size = 0 */
 1038 03f0 6B01      		movw r12,r22
 1039 03f2 7C01      		movw r14,r24
 1040               	.LM172:
 1041 03f4 6115      		cp r22,__zero_reg__
 1042 03f6 7105      		cpc r23,__zero_reg__
 1043 03f8 8105      		cpc r24,__zero_reg__
 1044 03fa 9105      		cpc r25,__zero_reg__
 1045 03fc 01F4      		brne .L99
 1046               	.LM173:
 1047 03fe 1092 0000 		sts debug+36,__zero_reg__
 1048               	.LM174:
 1049 0402 81E0      		ldi r24,lo8(1)
 1050 0404 8093 0000 		sts debug+44,r24
 1051 0408 00C0      		rjmp .L102
 1052               	.L99:
 1053 040a BB24      		clr r11
 1054               	.LVL59:
 1055               	.L101:
 1056               	.LM175:
 1057 040c 0B2D      		mov r16,r11
 1058 040e 10E0      		ldi r17,lo8(0)
 1059               	.LVL60:
 1060 0410 0050      		subi r16,lo8(-(debug))
 1061 0412 1040      		sbci r17,hi8(-(debug))
 1062               	.LVL61:
 1063 0414 C701      		movw r24,r14
 1064 0416 B601      		movw r22,r12
 1065               	.LVL62:
 1066 0418 2AE0      		ldi r18,lo8(10)
 1067 041a 30E0      		ldi r19,hi8(10)
 1068 041c 40E0      		ldi r20,hlo8(10)
 1069 041e 50E0      		ldi r21,hhi8(10)
 1070 0420 0E94 0000 		call __udivmodsi4
 1071 0424 F801      		movw r30,r16
 1072 0426 64A3      		std Z+36,r22
 1073               	.LM176:
 1074 0428 C701      		movw r24,r14
 1075 042a B601      		movw r22,r12
 1076 042c 2AE0      		ldi r18,lo8(10)
 1077 042e 30E0      		ldi r19,hi8(10)
 1078 0430 40E0      		ldi r20,hlo8(10)
 1079 0432 50E0      		ldi r21,hhi8(10)
 1080 0434 0E94 0000 		call __udivmodsi4
 1081 0438 C901      		movw r24,r18
 1082 043a DA01      		movw r26,r20
 1083 043c 6C01      		movw r12,r24
 1084 043e 7D01      		movw r14,r26
 1085               	.LM177:
 1086 0440 B394      		inc r11
 1087               	.LVL63:
 1088               	.LM178:
 1089 0442 C114      		cp r12,__zero_reg__
 1090 0444 D104      		cpc r13,__zero_reg__
 1091 0446 E104      		cpc r14,__zero_reg__
 1092 0448 F104      		cpc r15,__zero_reg__
 1093 044a 01F4      		brne .L101
 1094               	.LM179:
 1095 044c B092 0000 		sts debug+44,r11
 1096               	.LVL64:
 1097               	.L102:
 1098               	/* epilogue start */
 1099               	.LM180:
 1100 0450 1F91      		pop r17
 1101               	.LVL65:
 1102 0452 0F91      		pop r16
 1103 0454 FF90      		pop r15
 1104 0456 EF90      		pop r14
 1105 0458 DF90      		pop r13
 1106 045a CF90      		pop r12
 1107               	.LVL66:
 1108 045c BF90      		pop r11
 1109               	.LVL67:
 1110 045e 0895      		ret
 1111               	.LFE33:
 1113               	.global	debug_tx_number_digits
 1115               	debug_tx_number_digits:
 1116               	.LFB34:
 1117               	.LM181:
 1118 0460 1F93      		push r17
 1119               	/* prologue: function */
 1120               	/* frame size = 0 */
 1121               	.LBB59:
 1122               	.LM182:
 1123 0462 1091 0000 		lds r17,debug+44
 1124               	.LVL68:
 1125 0466 00C0      		rjmp .L105
 1126               	.L106:
 1127               	.LBB60:
 1128               	.LM183:
 1129 0468 1150      		subi r17,lo8(-(-1))
 1130               	.LVL69:
 1131               	.LM184:
 1132 046a E12F      		mov r30,r17
 1133 046c F0E0      		ldi r31,lo8(0)
 1134 046e E050      		subi r30,lo8(-(debug))
 1135 0470 F040      		sbci r31,hi8(-(debug))
 1136 0472 84A1      		ldd r24,Z+36
 1137               	.LVL70:
 1138               	.LM185:
 1139 0474 805D      		subi r24,lo8(-(48))
 1140               	.LVL71:
 1141 0476 0E94 0000 		call debug_tx_byte
 1142               	.LVL72:
 1143               	.L105:
 1144               	.LBE60:
 1145               	.LM186:
 1146 047a 1123      		tst r17
 1147 047c 01F4      		brne .L106
 1148               	/* epilogue start */
 1149               	.LBE59:
 1150               	.LM187:
 1151 047e 1F91      		pop r17
 1152               	.LVL73:
 1153 0480 0895      		ret
 1154               	.LFE34:
 1156               	.global	debug_tx_number
 1158               	debug_tx_number:
 1159               	.LFB35:
 1160               	.LM188:
 1161               	.LVL74:
 1162 0482 EF92      		push r14
 1163 0484 FF92      		push r15
 1164 0486 0F93      		push r16
 1165 0488 1F93      		push r17
 1166               	/* prologue: function */
 1167               	/* frame size = 0 */
 1168 048a 7B01      		movw r14,r22
 1169 048c 8C01      		movw r16,r24
 1170               	.LM189:
 1171 048e 97FF      		sbrs r25,7
 1172 0490 00C0      		rjmp .L109
 1173               	.LM190:
 1174 0492 8DE2      		ldi r24,lo8(45)
 1175 0494 0E94 0000 		call debug_tx_byte
 1176               	.LVL75:
 1177               	.LM191:
 1178 0498 1095      		com r17
 1179 049a 0095      		com r16
 1180 049c F094      		com r15
 1181 049e E094      		com r14
 1182 04a0 E11C      		adc r14,__zero_reg__
 1183 04a2 F11C      		adc r15,__zero_reg__
 1184 04a4 011D      		adc r16,__zero_reg__
 1185 04a6 111D      		adc r17,__zero_reg__
 1186               	.LVL76:
 1187               	.L109:
 1188               	.LM192:
 1189 04a8 C801      		movw r24,r16
 1190 04aa B701      		movw r22,r14
 1191 04ac 0E94 0000 		call debug_determine_digit_numbers
 1192               	.LM193:
 1193 04b0 0E94 0000 		call debug_tx_number_digits
 1194               	/* epilogue start */
 1195               	.LM194:
 1196 04b4 1F91      		pop r17
 1197 04b6 0F91      		pop r16
 1198 04b8 FF90      		pop r15
 1199 04ba EF90      		pop r14
 1200               	.LVL77:
 1201 04bc 0895      		ret
 1202               	.LFE35:
 1204               	.global	debug_tx_number_nl
 1206               	debug_tx_number_nl:
 1207               	.LFB36:
 1208               	.LM195:
 1209               	.LVL78:
 1210               	/* prologue: function */
 1211               	/* frame size = 0 */
 1212               	.LM196:
 1213 04be 0E94 0000 		call debug_tx_number
 1214               	.LVL79:
 1215               	.LM197:
 1216 04c2 0E94 0000 		call debug_tx_nl
 1217               	/* epilogue start */
 1218               	.LM198:
 1219 04c6 0895      		ret
 1220               	.LFE36:
 1222               	.global	debug_tx_number_sp
 1224               	debug_tx_number_sp:
 1225               	.LFB37:
 1226               	.LM199:
 1227               	.LVL80:
 1228               	/* prologue: function */
 1229               	/* frame size = 0 */
 1230               	.LM200:
 1231 04c8 0E94 0000 		call debug_tx_number
 1232               	.LVL81:
 1233               	.LM201:
 1234 04cc 0E94 0000 		call debug_tx_sp
 1235               	/* epilogue start */
 1236               	.LM202:
 1237 04d0 0895      		ret
 1238               	.LFE37:
 1240               		.data
 1241               	.LC0:
 1242 0000 2C00      		.string	","
 1243               		.text
 1244               	.global	debug_tx_number_cm
 1246               	debug_tx_number_cm:
 1247               	.LFB38:
 1248               	.LM203:
 1249               	.LVL82:
 1250               	/* prologue: function */
 1251               	/* frame size = 0 */
 1252               	.LM204:
 1253 04d2 0E94 0000 		call debug_tx_number
 1254               	.LVL83:
 1255               	.LM205:
 1256 04d6 80E0      		ldi r24,lo8(.LC0)
 1257 04d8 90E0      		ldi r25,hi8(.LC0)
 1258 04da 0E94 0000 		call debug_tx_text
 1259               	/* epilogue start */
 1260               	.LM206:
 1261 04de 0895      		ret
 1262               	.LFE38:
 1264               	.global	debug_tx_number_hex_nl
 1266               	debug_tx_number_hex_nl:
 1267               	.LFB39:
 1268               	.LM207:
 1269               	.LVL84:
 1270               	/* prologue: function */
 1271               	/* frame size = 0 */
 1272               	.LM208:
 1273 04e0 0E94 0000 		call debug_tx_hex
 1274               	.LVL85:
 1275               	.LM209:
 1276 04e4 0E94 0000 		call debug_tx_nl
 1277               	/* epilogue start */
 1278               	.LM210:
 1279 04e8 0895      		ret
 1280               	.LFE39:
 1282               	.global	debug_tx_number_hex_sp
 1284               	debug_tx_number_hex_sp:
 1285               	.LFB40:
 1286               	.LM211:
 1287               	.LVL86:
 1288               	/* prologue: function */
 1289               	/* frame size = 0 */
 1290               	.LM212:
 1291 04ea 0E94 0000 		call debug_tx_hex
 1292               	.LVL87:
 1293               	.LM213:
 1294 04ee 0E94 0000 		call debug_tx_sp
 1295               	/* epilogue start */
 1296               	.LM214:
 1297 04f2 0895      		ret
 1298               	.LFE40:
 1300               	.global	debug_tx_number_hex_cm
 1302               	debug_tx_number_hex_cm:
 1303               	.LFB41:
 1304               	.LM215:
 1305               	.LVL88:
 1306               	/* prologue: function */
 1307               	/* frame size = 0 */
 1308               	.LM216:
 1309 04f4 0E94 0000 		call debug_tx_hex
 1310               	.LVL89:
 1311               	.LM217:
 1312 04f8 80E0      		ldi r24,lo8(.LC0)
 1313 04fa 90E0      		ldi r25,hi8(.LC0)
 1314 04fc 0E94 0000 		call debug_tx_text
 1315               	/* epilogue start */
 1316               	.LM218:
 1317 0500 0895      		ret
 1318               	.LFE41:
 1320               	.global	debug_tx_number_bin_nl
 1322               	debug_tx_number_bin_nl:
 1323               	.LFB42:
 1324               	.LM219:
 1325               	.LVL90:
 1326               	/* prologue: function */
 1327               	/* frame size = 0 */
 1328               	.LM220:
 1329 0502 0E94 0000 		call debug_tx_bin
 1330               	.LVL91:
 1331               	.LM221:
 1332 0506 0E94 0000 		call debug_tx_nl
 1333               	/* epilogue start */
 1334               	.LM222:
 1335 050a 0895      		ret
 1336               	.LFE42:
 1338               	.global	debug_tx_number_bin_sp
 1340               	debug_tx_number_bin_sp:
 1341               	.LFB43:
 1342               	.LM223:
 1343               	.LVL92:
 1344               	/* prologue: function */
 1345               	/* frame size = 0 */
 1346               	.LM224:
 1347 050c 0E94 0000 		call debug_tx_bin
 1348               	.LVL93:
 1349               	.LM225:
 1350 0510 0E94 0000 		call debug_tx_sp
 1351               	/* epilogue start */
 1352               	.LM226:
 1353 0514 0895      		ret
 1354               	.LFE43:
 1356               	.global	debug_tx_number_bin_cm
 1358               	debug_tx_number_bin_cm:
 1359               	.LFB44:
 1360               	.LM227:
 1361               	.LVL94:
 1362               	/* prologue: function */
 1363               	/* frame size = 0 */
 1364               	.LM228:
 1365 0516 0E94 0000 		call debug_tx_bin
 1366               	.LVL95:
 1367               	.LM229:
 1368 051a 80E0      		ldi r24,lo8(.LC0)
 1369 051c 90E0      		ldi r25,hi8(.LC0)
 1370 051e 0E94 0000 		call debug_tx_text
 1371               	/* epilogue start */
 1372               	.LM230:
 1373 0522 0895      		ret
 1374               	.LFE44:
 1376               	.global	debug_tx_parameter_nl
 1378               	debug_tx_parameter_nl:
 1379               	.LFB45:
 1380               	.LM231:
 1381               	.LVL96:
 1382 0524 EF92      		push r14
 1383 0526 FF92      		push r15
 1384 0528 0F93      		push r16
 1385 052a 1F93      		push r17
 1386               	/* prologue: function */
 1387               	/* frame size = 0 */
 1388 052c 7A01      		movw r14,r20
 1389 052e 8B01      		movw r16,r22
 1390               	.LM232:
 1391 0530 0E94 0000 		call debug_tx_text
 1392               	.LVL97:
 1393               	.LM233:
 1394 0534 0E94 0000 		call debug_tx_sp
 1395               	.LM234:
 1396 0538 C801      		movw r24,r16
 1397 053a B701      		movw r22,r14
 1398 053c 0E94 0000 		call debug_tx_number_nl
 1399               	/* epilogue start */
 1400               	.LM235:
 1401 0540 1F91      		pop r17
 1402 0542 0F91      		pop r16
 1403 0544 FF90      		pop r15
 1404 0546 EF90      		pop r14
 1405               	.LVL98:
 1406 0548 0895      		ret
 1407               	.LFE45:
 1409               	.global	debug_tx_parameter_sp
 1411               	debug_tx_parameter_sp:
 1412               	.LFB46:
 1413               	.LM236:
 1414               	.LVL99:
 1415 054a EF92      		push r14
 1416 054c FF92      		push r15
 1417 054e 0F93      		push r16
 1418 0550 1F93      		push r17
 1419               	/* prologue: function */
 1420               	/* frame size = 0 */
 1421 0552 7A01      		movw r14,r20
 1422 0554 8B01      		movw r16,r22
 1423               	.LM237:
 1424 0556 0E94 0000 		call debug_tx_text
 1425               	.LVL100:
 1426               	.LM238:
 1427 055a 0E94 0000 		call debug_tx_sp
 1428               	.LM239:
 1429 055e C801      		movw r24,r16
 1430 0560 B701      		movw r22,r14
 1431 0562 0E94 0000 		call debug_tx_number_sp
 1432               	/* epilogue start */
 1433               	.LM240:
 1434 0566 1F91      		pop r17
 1435 0568 0F91      		pop r16
 1436 056a FF90      		pop r15
 1437 056c EF90      		pop r14
 1438               	.LVL101:
 1439 056e 0895      		ret
 1440               	.LFE46:
 1442               	.global	debug_tx_parameter_cm
 1444               	debug_tx_parameter_cm:
 1445               	.LFB47:
 1446               	.LM241:
 1447               	.LVL102:
 1448 0570 EF92      		push r14
 1449 0572 FF92      		push r15
 1450 0574 0F93      		push r16
 1451 0576 1F93      		push r17
 1452               	/* prologue: function */
 1453               	/* frame size = 0 */
 1454 0578 7A01      		movw r14,r20
 1455 057a 8B01      		movw r16,r22
 1456               	.LM242:
 1457 057c 0E94 0000 		call debug_tx_text
 1458               	.LVL103:
 1459               	.LM243:
 1460 0580 0E94 0000 		call debug_tx_sp
 1461               	.LM244:
 1462 0584 C801      		movw r24,r16
 1463 0586 B701      		movw r22,r14
 1464 0588 0E94 0000 		call debug_tx_number_cm
 1465               	/* epilogue start */
 1466               	.LM245:
 1467 058c 1F91      		pop r17
 1468 058e 0F91      		pop r16
 1469 0590 FF90      		pop r15
 1470 0592 EF90      		pop r14
 1471               	.LVL104:
 1472 0594 0895      		ret
 1473               	.LFE47:
 1475               	.global	debug_tx_parameter_hex_nl
 1477               	debug_tx_parameter_hex_nl:
 1478               	.LFB48:
 1479               	.LM246:
 1480               	.LVL105:
 1481 0596 EF92      		push r14
 1482 0598 FF92      		push r15
 1483 059a 0F93      		push r16
 1484 059c 1F93      		push r17
 1485               	/* prologue: function */
 1486               	/* frame size = 0 */
 1487 059e 7A01      		movw r14,r20
 1488 05a0 8B01      		movw r16,r22
 1489               	.LM247:
 1490 05a2 0E94 0000 		call debug_tx_text
 1491               	.LVL106:
 1492               	.LM248:
 1493 05a6 0E94 0000 		call debug_tx_sp
 1494               	.LM249:
 1495 05aa C801      		movw r24,r16
 1496 05ac B701      		movw r22,r14
 1497 05ae 0E94 0000 		call debug_tx_number_hex_nl
 1498               	/* epilogue start */
 1499               	.LM250:
 1500 05b2 1F91      		pop r17
 1501 05b4 0F91      		pop r16
 1502 05b6 FF90      		pop r15
 1503 05b8 EF90      		pop r14
 1504               	.LVL107:
 1505 05ba 0895      		ret
 1506               	.LFE48:
 1508               	.global	debug_tx_parameter_hex_sp
 1510               	debug_tx_parameter_hex_sp:
 1511               	.LFB49:
 1512               	.LM251:
 1513               	.LVL108:
 1514 05bc EF92      		push r14
 1515 05be FF92      		push r15
 1516 05c0 0F93      		push r16
 1517 05c2 1F93      		push r17
 1518               	/* prologue: function */
 1519               	/* frame size = 0 */
 1520 05c4 7A01      		movw r14,r20
 1521 05c6 8B01      		movw r16,r22
 1522               	.LM252:
 1523 05c8 0E94 0000 		call debug_tx_text
 1524               	.LVL109:
 1525               	.LM253:
 1526 05cc 0E94 0000 		call debug_tx_sp
 1527               	.LM254:
 1528 05d0 C801      		movw r24,r16
 1529 05d2 B701      		movw r22,r14
 1530 05d4 0E94 0000 		call debug_tx_number_hex_sp
 1531               	/* epilogue start */
 1532               	.LM255:
 1533 05d8 1F91      		pop r17
 1534 05da 0F91      		pop r16
 1535 05dc FF90      		pop r15
 1536 05de EF90      		pop r14
 1537               	.LVL110:
 1538 05e0 0895      		ret
 1539               	.LFE49:
 1541               	.global	Debug_tx_parameter_hex_cm
 1543               	Debug_tx_parameter_hex_cm:
 1544               	.LFB50:
 1545               	.LM256:
 1546               	.LVL111:
 1547 05e2 EF92      		push r14
 1548 05e4 FF92      		push r15
 1549 05e6 0F93      		push r16
 1550 05e8 1F93      		push r17
 1551               	/* prologue: function */
 1552               	/* frame size = 0 */
 1553 05ea 7A01      		movw r14,r20
 1554 05ec 8B01      		movw r16,r22
 1555               	.LM257:
 1556 05ee 0E94 0000 		call debug_tx_text
 1557               	.LVL112:
 1558               	.LM258:
 1559 05f2 0E94 0000 		call debug_tx_sp
 1560               	.LM259:
 1561 05f6 C801      		movw r24,r16
 1562 05f8 B701      		movw r22,r14
 1563 05fa 0E94 0000 		call debug_tx_number_hex_cm
 1564               	/* epilogue start */
 1565               	.LM260:
 1566 05fe 1F91      		pop r17
 1567 0600 0F91      		pop r16
 1568 0602 FF90      		pop r15
 1569 0604 EF90      		pop r14
 1570               	.LVL113:
 1571 0606 0895      		ret
 1572               	.LFE50:
 1574               	.global	debug_tx_parameter_bin_nl
 1576               	debug_tx_parameter_bin_nl:
 1577               	.LFB51:
 1578               	.LM261:
 1579               	.LVL114:
 1580 0608 EF92      		push r14
 1581 060a FF92      		push r15
 1582 060c 0F93      		push r16
 1583 060e 1F93      		push r17
 1584               	/* prologue: function */
 1585               	/* frame size = 0 */
 1586 0610 7A01      		movw r14,r20
 1587 0612 8B01      		movw r16,r22
 1588               	.LM262:
 1589 0614 0E94 0000 		call debug_tx_text
 1590               	.LVL115:
 1591               	.LM263:
 1592 0618 0E94 0000 		call debug_tx_sp
 1593               	.LM264:
 1594 061c C801      		movw r24,r16
 1595 061e B701      		movw r22,r14
 1596 0620 0E94 0000 		call debug_tx_number_bin_nl
 1597               	/* epilogue start */
 1598               	.LM265:
 1599 0624 1F91      		pop r17
 1600 0626 0F91      		pop r16
 1601 0628 FF90      		pop r15
 1602 062a EF90      		pop r14
 1603               	.LVL116:
 1604 062c 0895      		ret
 1605               	.LFE51:
 1607               	.global	debug_tx_parameter_bin_sp
 1609               	debug_tx_parameter_bin_sp:
 1610               	.LFB52:
 1611               	.LM266:
 1612               	.LVL117:
 1613 062e EF92      		push r14
 1614 0630 FF92      		push r15
 1615 0632 0F93      		push r16
 1616 0634 1F93      		push r17
 1617               	/* prologue: function */
 1618               	/* frame size = 0 */
 1619 0636 7A01      		movw r14,r20
 1620 0638 8B01      		movw r16,r22
 1621               	.LM267:
 1622 063a 0E94 0000 		call debug_tx_text
 1623               	.LVL118:
 1624               	.LM268:
 1625 063e 0E94 0000 		call debug_tx_sp
 1626               	.LM269:
 1627 0642 C801      		movw r24,r16
 1628 0644 B701      		movw r22,r14
 1629 0646 0E94 0000 		call debug_tx_number_bin_sp
 1630               	/* epilogue start */
 1631               	.LM270:
 1632 064a 1F91      		pop r17
 1633 064c 0F91      		pop r16
 1634 064e FF90      		pop r15
 1635 0650 EF90      		pop r14
 1636               	.LVL119:
 1637 0652 0895      		ret
 1638               	.LFE52:
 1640               	.global	Debug_tx_parameter_bin_cm
 1642               	Debug_tx_parameter_bin_cm:
 1643               	.LFB53:
 1644               	.LM271:
 1645               	.LVL120:
 1646 0654 EF92      		push r14
 1647 0656 FF92      		push r15
 1648 0658 0F93      		push r16
 1649 065a 1F93      		push r17
 1650               	/* prologue: function */
 1651               	/* frame size = 0 */
 1652 065c 7A01      		movw r14,r20
 1653 065e 8B01      		movw r16,r22
 1654               	.LM272:
 1655 0660 0E94 0000 		call debug_tx_text
 1656               	.LVL121:
 1657               	.LM273:
 1658 0664 0E94 0000 		call debug_tx_sp
 1659               	.LM274:
 1660 0668 C801      		movw r24,r16
 1661 066a B701      		movw r22,r14
 1662 066c 0E94 0000 		call debug_tx_number_bin_cm
 1663               	/* epilogue start */
 1664               	.LM275:
 1665 0670 1F91      		pop r17
 1666 0672 0F91      		pop r16
 1667 0674 FF90      		pop r15
 1668 0676 EF90      		pop r14
 1669               	.LVL122:
 1670 0678 0895      		ret
 1671               	.LFE53:
 1673               	.global	debug_buf_get
 1675               	debug_buf_get:
 1676               	.LFB54:
 1677               	.LM276:
 1678               	.LVL123:
 1679               	/* prologue: function */
 1680               	/* frame size = 0 */
 1681               	.LM277:
 1682 067a E0E0      		ldi r30,lo8(debug)
 1683 067c F0E0      		ldi r31,hi8(debug)
 1684 067e E80F      		add r30,r24
 1685 0680 F11D      		adc r31,__zero_reg__
 1686 0682 8381      		ldd r24,Z+3
 1687               	.LVL124:
 1688               	/* epilogue start */
 1689               	.LM278:
 1690 0684 0895      		ret
 1691               	.LFE54:
 1693               	.global	debug_buf_index_get
 1695               	debug_buf_index_get:
 1696               	.LFB55:
 1697               	.LM279:
 1698               	/* prologue: function */
 1699               	/* frame size = 0 */
 1700               	.LM280:
 1701 0686 8091 0000 		lds r24,debug+35
 1702               	/* epilogue start */
 1703               	.LM281:
 1704 068a 0895      		ret
 1705               	.LFE55:
 1707               	.global	debug_flush_buf
 1709               	debug_flush_buf:
 1710               	.LFB56:
 1711               	.LM282:
 1712               	/* prologue: function */
 1713               	/* frame size = 0 */
 1714               	.LM283:
 1715 068c 80E0      		ldi r24,lo8(0)
 1716 068e 90E0      		ldi r25,hi8(0)
 1717               	.L152:
 1718               	.LBB61:
 1719               	.LM284:
 1720 0690 FC01      		movw r30,r24
 1721 0692 E050      		subi r30,lo8(-(debug))
 1722 0694 F040      		sbci r31,hi8(-(debug))
 1723 0696 1382      		std Z+3,__zero_reg__
 1724 0698 0196      		adiw r24,1
 1725               	.LM285:
 1726 069a 8032      		cpi r24,32
 1727 069c 9105      		cpc r25,__zero_reg__
 1728 069e 01F4      		brne .L152
 1729               	.LBE61:
 1730               	.LM286:
 1731 06a0 1092 0000 		sts debug+35,__zero_reg__
 1732               	/* epilogue start */
 1733               	.LM287:
 1734 06a4 0895      		ret
 1735               	.LFE56:
 1737               	.global	debug_databsy_get
 1739               	debug_databsy_get:
 1740               	.LFB57:
 1741               	.LM288:
 1742               	/* prologue: function */
 1743               	/* frame size = 0 */
 1744               	.LM289:
 1745 06a6 8091 0000 		lds r24,debug+2
 1746               	/* epilogue start */
 1747               	.LM290:
 1748 06aa 0895      		ret
 1749               	.LFE57:
 1751               	.global	debug_data_available_rx_buf
 1753               	debug_data_available_rx_buf:
 1754               	.LFB58:
 1755               	.LM291:
 1756               	/* prologue: function */
 1757               	/* frame size = 0 */
 1758               	.LBB62:
 1759               	.LBB63:
 1760               	.LM292:
 1761 06ac 8091 0000 		lds r24,debug+2
 1762               	.LBE63:
 1763               	.LBE62:
 1764               	.LM293:
 1765 06b0 8823      		tst r24
 1766 06b2 01F0      		breq .L158
 1767 06b4 90E0      		ldi r25,lo8(0)
 1768 06b6 00C0      		rjmp .L159
 1769               	.L158:
 1770               	.LBB64:
 1771               	.LBB65:
 1772               	.LM294:
 1773 06b8 8091 0000 		lds r24,debug+35
 1774 06bc 90E0      		ldi r25,lo8(0)
 1775 06be 8823      		tst r24
 1776 06c0 01F4      		brne .L160
 1777 06c2 91E0      		ldi r25,lo8(1)
 1778               	.L160:
 1779 06c4 81E0      		ldi r24,lo8(1)
 1780 06c6 9827      		eor r25,r24
 1781               	.L159:
 1782               	.LBE65:
 1783               	.LBE64:
 1784               	.LM295:
 1785 06c8 892F      		mov r24,r25
 1786               	/* epilogue start */
 1787 06ca 0895      		ret
 1788               	.LFE58:
 1790               	.global	debug_available_bytes_rx_buf
 1792               	debug_available_bytes_rx_buf:
 1793               	.LFB59:
 1794               	.LM296:
 1795               	/* prologue: function */
 1796               	/* frame size = 0 */
 1797               	.LBB66:
 1798               	.LBB67:
 1799               	.LM297:
 1800 06cc 8091 0000 		lds r24,debug+35
 1801               	/* epilogue start */
 1802               	.LBE67:
 1803               	.LBE66:
 1804               	.LM298:
 1805 06d0 0895      		ret
 1806               	.LFE59:
 1808               	.global	debug_init
 1810               	debug_init:
 1811               	.LFB60:
 1812               	.LM299:
 1813               	/* prologue: function */
 1814               	/* frame size = 0 */
 1815               	.LM300:
 1816 06d2 0E94 0000 		call debug_struct_init
 1817               	.LM301:
 1818 06d6 0E94 0000 		call debug_timings_init
 1819               	.LM302:
 1820 06da 0E94 0000 		call debug_gpio_init
 1821               	/* epilogue start */
 1822               	.LM303:
 1823 06de 0895      		ret
 1824               	.LFE60:
 1826               	.global	__vector_5
 1828               	__vector_5:
 1829               	.LFB61:
 1830               	.LM304:
 1831 06e0 1F92      		push __zero_reg__
 1832 06e2 0F92      		push r0
 1833 06e4 0FB6      		in r0,__SREG__
 1834 06e6 0F92      		push r0
 1835 06e8 1124      		clr __zero_reg__
 1836 06ea 2F93      		push r18
 1837 06ec 3F93      		push r19
 1838 06ee 4F93      		push r20
 1839 06f0 5F93      		push r21
 1840 06f2 6F93      		push r22
 1841 06f4 7F93      		push r23
 1842 06f6 8F93      		push r24
 1843 06f8 9F93      		push r25
 1844 06fa AF93      		push r26
 1845 06fc BF93      		push r27
 1846 06fe EF93      		push r30
 1847 0700 FF93      		push r31
 1848               	/* prologue: Signal */
 1849               	/* frame size = 0 */
 1850               	.LM305:
 1851 0702 81E0      		ldi r24,lo8(1)
 1852 0704 8093 0000 		sts debug+2,r24
 1853               	.LM306:
 1854 0708 0E94 0000 		call debug_rx_byte
 1855 070c 982F      		mov r25,r24
 1856               	.LVL125:
 1857               	.LM307:
 1858 070e 8091 0000 		lds r24,debug
 1859 0712 8823      		tst r24
 1860 0714 01F4      		brne .L169
 1861               	.LM308:
 1862 0716 E091 0000 		lds r30,debug+35
 1863 071a F0E0      		ldi r31,lo8(0)
 1864 071c E050      		subi r30,lo8(-(debug))
 1865 071e F040      		sbci r31,hi8(-(debug))
 1866 0720 9383      		std Z+3,r25
 1867               	.LM309:
 1868 0722 8091 0000 		lds r24,debug+35
 1869 0726 8F5F      		subi r24,lo8(-(1))
 1870 0728 8093 0000 		sts debug+35,r24
 1871               	.LM310:
 1872 072c 8091 0000 		lds r24,debug+35
 1873 0730 8132      		cpi r24,lo8(33)
 1874 0732 00F0      		brlo .L168
 1875               	.LM311:
 1876 0734 1092 0000 		sts debug+35,__zero_reg__
 1877               	.L168:
 1878               	.LM312:
 1879 0738 0E94 0000 		call debug_timer_start
 1880               	.LVL126:
 1881               	.L169:
 1882               	/* epilogue start */
 1883               	.LM313:
 1884 073c FF91      		pop r31
 1885 073e EF91      		pop r30
 1886 0740 BF91      		pop r27
 1887 0742 AF91      		pop r26
 1888 0744 9F91      		pop r25
 1889               	.LVL127:
 1890 0746 8F91      		pop r24
 1891 0748 7F91      		pop r23
 1892 074a 6F91      		pop r22
 1893 074c 5F91      		pop r21
 1894 074e 4F91      		pop r20
 1895 0750 3F91      		pop r19
 1896 0752 2F91      		pop r18
 1897 0754 0F90      		pop r0
 1898 0756 0FBE      		out __SREG__,r0
 1899 0758 0F90      		pop r0
 1900 075a 1F90      		pop __zero_reg__
 1901 075c 1895      		reti
 1902               	.LFE61:
 1904               	.global	__vector_9
 1906               	__vector_9:
 1907               	.LFB62:
 1908               	.LM314:
 1909 075e 1F92      		push __zero_reg__
 1910 0760 0F92      		push r0
 1911 0762 0FB6      		in r0,__SREG__
 1912 0764 0F92      		push r0
 1913 0766 1124      		clr __zero_reg__
 1914               	/* prologue: Signal */
 1915               	/* frame size = 0 */
 1916               	.LBB68:
 1917               	.LBB69:
 1918               	.LM315:
 1919 0768 1092 7000 		sts 112,__zero_reg__
 1920               	.LM316:
 1921 076c 1092 B100 		sts 177,__zero_reg__
 1922               	.LM317:
 1923 0770 1092 B200 		sts 178,__zero_reg__
 1924               	.LBE69:
 1925               	.LBE68:
 1926               	.LM318:
 1927 0774 1092 0000 		sts debug+2,__zero_reg__
 1928               	/* epilogue start */
 1929               	.LM319:
 1930 0778 0F90      		pop r0
 1931 077a 0FBE      		out __SREG__,r0
 1932 077c 0F90      		pop r0
 1933 077e 1F90      		pop __zero_reg__
 1934 0780 1895      		reti
 1935               	.LFE62:
 1937               	.global	TIM2_BAUD_9600
 1938               		.data
 1941               	TIM2_BAUD_9600:
 1942 0002 CE04      		.word	1230
 1943 0004 9C04      		.word	1180
 1944 0006 4E02      		.word	590
 1945               	.global	TIM2_BAUD_19200
 1948               	TIM2_BAUD_19200:
 1949 0008 4E02      		.word	590
 1950 000a 3A02      		.word	570
 1951 000c E600      		.word	230
 1952               	.global	TIM2_BAUD_38400
 1955               	TIM2_BAUD_38400:
 1956 000e C800      		.word	200
 1957 0010 D200      		.word	210
 1958 0012 1400      		.word	20
 1959               		.comm debug,45,1
 2432               	.Letext0:
DEFINED SYMBOLS
                            *ABS*:00000000 debug.c
C:\Users\FARIDU~1\AppData\Local\Temp/ccVLIoAk.s:2      *ABS*:0000003f __SREG__
C:\Users\FARIDU~1\AppData\Local\Temp/ccVLIoAk.s:3      *ABS*:0000003e __SP_H__
C:\Users\FARIDU~1\AppData\Local\Temp/ccVLIoAk.s:4      *ABS*:0000003d __SP_L__
C:\Users\FARIDU~1\AppData\Local\Temp/ccVLIoAk.s:5      *ABS*:00000034 __CCP__
C:\Users\FARIDU~1\AppData\Local\Temp/ccVLIoAk.s:6      *ABS*:00000000 __tmp_reg__
C:\Users\FARIDU~1\AppData\Local\Temp/ccVLIoAk.s:7      *ABS*:00000001 __zero_reg__
C:\Users\FARIDU~1\AppData\Local\Temp/ccVLIoAk.s:18     .text:00000000 debug_struct_init
                            *COM*:0000002d debug
C:\Users\FARIDU~1\AppData\Local\Temp/ccVLIoAk.s:68     .text:00000038 debug_timings_init
C:\Users\FARIDU~1\AppData\Local\Temp/ccVLIoAk.s:109    .text:00000062 debug_timer_start
C:\Users\FARIDU~1\AppData\Local\Temp/ccVLIoAk.s:139    .text:00000080 debug_timer_stop
C:\Users\FARIDU~1\AppData\Local\Temp/ccVLIoAk.s:157    .text:0000008e debug_gpio_init
C:\Users\FARIDU~1\AppData\Local\Temp/ccVLIoAk.s:177    .text:00000098 debug_tx_high
C:\Users\FARIDU~1\AppData\Local\Temp/ccVLIoAk.s:191    .text:0000009c debug_tx_low
C:\Users\FARIDU~1\AppData\Local\Temp/ccVLIoAk.s:205    .text:000000a0 debug_tx_set
C:\Users\FARIDU~1\AppData\Local\Temp/ccVLIoAk.s:233    .text:000000ac debug_rx_get
C:\Users\FARIDU~1\AppData\Local\Temp/ccVLIoAk.s:248    .text:000000b2 debug_delay
C:\Users\FARIDU~1\AppData\Local\Temp/ccVLIoAk.s:284    .text:000000dc debug_delay_index_0
C:\Users\FARIDU~1\AppData\Local\Temp/ccVLIoAk.s:1955   .data:0000000e TIM2_BAUD_38400
C:\Users\FARIDU~1\AppData\Local\Temp/ccVLIoAk.s:300    .text:000000ea debug_delay_index_1
C:\Users\FARIDU~1\AppData\Local\Temp/ccVLIoAk.s:316    .text:000000f8 debug_delay_index_2
C:\Users\FARIDU~1\AppData\Local\Temp/ccVLIoAk.s:332    .text:00000106 debug_tx_byte
C:\Users\FARIDU~1\AppData\Local\Temp/ccVLIoAk.s:478    .text:000001b6 debug_rx_byte
C:\Users\FARIDU~1\AppData\Local\Temp/ccVLIoAk.s:578    .text:0000020e debug_rx_byte_get
C:\Users\FARIDU~1\AppData\Local\Temp/ccVLIoAk.s:592    .text:00000214 debug_rx_byte_clear
C:\Users\FARIDU~1\AppData\Local\Temp/ccVLIoAk.s:606    .text:0000021a debug_rx_byte_set
C:\Users\FARIDU~1\AppData\Local\Temp/ccVLIoAk.s:621    .text:00000220 debug_tx_hex
C:\Users\FARIDU~1\AppData\Local\Temp/ccVLIoAk.s:762    .text:000002d4 debug_tx_bin
C:\Users\FARIDU~1\AppData\Local\Temp/ccVLIoAk.s:882    .text:00000380 debug_tx_nl
C:\Users\FARIDU~1\AppData\Local\Temp/ccVLIoAk.s:900    .text:0000038e debug_tx_sp
C:\Users\FARIDU~1\AppData\Local\Temp/ccVLIoAk.s:915    .text:00000396 debug_tx_cm
C:\Users\FARIDU~1\AppData\Local\Temp/ccVLIoAk.s:930    .text:0000039e debug_tx_text
C:\Users\FARIDU~1\AppData\Local\Temp/ccVLIoAk.s:971    .text:000003c4 debug_tx_text_nl
C:\Users\FARIDU~1\AppData\Local\Temp/ccVLIoAk.s:989    .text:000003ce debug_tx_text_sp
C:\Users\FARIDU~1\AppData\Local\Temp/ccVLIoAk.s:1007   .text:000003d8 debug_tx_text_cm
C:\Users\FARIDU~1\AppData\Local\Temp/ccVLIoAk.s:1025   .text:000003e2 debug_determine_digit_numbers
C:\Users\FARIDU~1\AppData\Local\Temp/ccVLIoAk.s:1115   .text:00000460 debug_tx_number_digits
C:\Users\FARIDU~1\AppData\Local\Temp/ccVLIoAk.s:1158   .text:00000482 debug_tx_number
C:\Users\FARIDU~1\AppData\Local\Temp/ccVLIoAk.s:1206   .text:000004be debug_tx_number_nl
C:\Users\FARIDU~1\AppData\Local\Temp/ccVLIoAk.s:1224   .text:000004c8 debug_tx_number_sp
C:\Users\FARIDU~1\AppData\Local\Temp/ccVLIoAk.s:1246   .text:000004d2 debug_tx_number_cm
C:\Users\FARIDU~1\AppData\Local\Temp/ccVLIoAk.s:1266   .text:000004e0 debug_tx_number_hex_nl
C:\Users\FARIDU~1\AppData\Local\Temp/ccVLIoAk.s:1284   .text:000004ea debug_tx_number_hex_sp
C:\Users\FARIDU~1\AppData\Local\Temp/ccVLIoAk.s:1302   .text:000004f4 debug_tx_number_hex_cm
C:\Users\FARIDU~1\AppData\Local\Temp/ccVLIoAk.s:1322   .text:00000502 debug_tx_number_bin_nl
C:\Users\FARIDU~1\AppData\Local\Temp/ccVLIoAk.s:1340   .text:0000050c debug_tx_number_bin_sp
C:\Users\FARIDU~1\AppData\Local\Temp/ccVLIoAk.s:1358   .text:00000516 debug_tx_number_bin_cm
C:\Users\FARIDU~1\AppData\Local\Temp/ccVLIoAk.s:1378   .text:00000524 debug_tx_parameter_nl
C:\Users\FARIDU~1\AppData\Local\Temp/ccVLIoAk.s:1411   .text:0000054a debug_tx_parameter_sp
C:\Users\FARIDU~1\AppData\Local\Temp/ccVLIoAk.s:1444   .text:00000570 debug_tx_parameter_cm
C:\Users\FARIDU~1\AppData\Local\Temp/ccVLIoAk.s:1477   .text:00000596 debug_tx_parameter_hex_nl
C:\Users\FARIDU~1\AppData\Local\Temp/ccVLIoAk.s:1510   .text:000005bc debug_tx_parameter_hex_sp
C:\Users\FARIDU~1\AppData\Local\Temp/ccVLIoAk.s:1543   .text:000005e2 Debug_tx_parameter_hex_cm
C:\Users\FARIDU~1\AppData\Local\Temp/ccVLIoAk.s:1576   .text:00000608 debug_tx_parameter_bin_nl
C:\Users\FARIDU~1\AppData\Local\Temp/ccVLIoAk.s:1609   .text:0000062e debug_tx_parameter_bin_sp
C:\Users\FARIDU~1\AppData\Local\Temp/ccVLIoAk.s:1642   .text:00000654 Debug_tx_parameter_bin_cm
C:\Users\FARIDU~1\AppData\Local\Temp/ccVLIoAk.s:1675   .text:0000067a debug_buf_get
C:\Users\FARIDU~1\AppData\Local\Temp/ccVLIoAk.s:1695   .text:00000686 debug_buf_index_get
C:\Users\FARIDU~1\AppData\Local\Temp/ccVLIoAk.s:1709   .text:0000068c debug_flush_buf
C:\Users\FARIDU~1\AppData\Local\Temp/ccVLIoAk.s:1739   .text:000006a6 debug_databsy_get
C:\Users\FARIDU~1\AppData\Local\Temp/ccVLIoAk.s:1753   .text:000006ac debug_data_available_rx_buf
C:\Users\FARIDU~1\AppData\Local\Temp/ccVLIoAk.s:1792   .text:000006cc debug_available_bytes_rx_buf
C:\Users\FARIDU~1\AppData\Local\Temp/ccVLIoAk.s:1810   .text:000006d2 debug_init
C:\Users\FARIDU~1\AppData\Local\Temp/ccVLIoAk.s:1828   .text:000006e0 __vector_5
C:\Users\FARIDU~1\AppData\Local\Temp/ccVLIoAk.s:1906   .text:0000075e __vector_9
C:\Users\FARIDU~1\AppData\Local\Temp/ccVLIoAk.s:1941   .data:00000002 TIM2_BAUD_9600
C:\Users\FARIDU~1\AppData\Local\Temp/ccVLIoAk.s:1948   .data:00000008 TIM2_BAUD_19200

UNDEFINED SYMBOLS
__udivmodsi4
__do_copy_data
__do_clear_bss
