   1               		.file	"main.c"
   2               	__SREG__ = 0x3f
   3               	__SP_H__ = 0x3e
   4               	__SP_L__ = 0x3d
   5               	__CCP__  = 0x34
   6               	__tmp_reg__ = 0
   7               	__zero_reg__ = 1
  15               	.Ltext0:
  16               		.data
  17               	.LC0:
  18 0000 4465 6275 		.string	"Debug Started"
  18      6720 5374 
  18      6172 7465 
  18      6400 
  19               		.text
  20               	.global	main
  22               	main:
  23               	.LFB8:
  24               	.LM1:
  25 0000 CF93      		push r28
  26 0002 DF93      		push r29
  27               	/* prologue: function */
  28               	/* frame size = 0 */
  29               	.LM2:
  30 0004 549A      		sbi 42-32,4
  31               	.LM3:
  32 0006 5C98      		cbi 43-32,4
  33               	.LM4:
  34 0008 0E94 0000 		call MPU6050_Init
  35               	.LM5:
  36 000c 0E94 0000 		call debug_init
  37               	.LM6:
  38 0010 62E3      		ldi r22,lo8(50)
  39 0012 70E0      		ldi r23,hi8(50)
  40 0014 80E0      		ldi r24,hlo8(50)
  41 0016 90E0      		ldi r25,hhi8(50)
  42 0018 0E94 0000 		call Servo_Init
  43               	.LM7:
  44 001c 80E0      		ldi r24,lo8(.LC0)
  45 001e 90E0      		ldi r25,hi8(.LC0)
  46 0020 0E94 0000 		call debug_tx_text_nl
  47               	.LBB12:
  48               	.LBB13:
  49               	.LBB14:
  50               	.LBB15:
  51               	.LM8:
  52 0024 CCE2      		ldi r28,lo8(300)
  53 0026 D1E0      		ldi r29,hi8(300)
  54               	.LVL0:
  55               	.L3:
  56               	.LBE15:
  57               	.LBE14:
  58               	.LBE13:
  59               	.LBE12:
  60               	.LM9:
  61 0028 8BE6      		ldi r24,lo8(107)
  62               	.LVL1:
  63 002a 0E94 0000 		call I2C_Read_Register
  64               	.LVL2:
  65 002e 90E0      		ldi r25,lo8(0)
  66 0030 A0E0      		ldi r26,lo8(0)
  67 0032 B0E0      		ldi r27,hi8(0)
  68 0034 BC01      		movw r22,r24
  69 0036 CD01      		movw r24,r26
  70 0038 0E94 0000 		call debug_tx_number_cm
  71               	.LM10:
  72 003c 0E94 0000 		call MPU6050_Read_Roll_Angle_Safely
  73 0040 AA27      		clr r26
  74 0042 97FD      		sbrc r25,7
  75 0044 A095      		com r26
  76 0046 BA2F      		mov r27,r26
  77 0048 BC01      		movw r22,r24
  78 004a CD01      		movw r24,r26
  79 004c 0E94 0000 		call debug_tx_number_cm
  80               	.LM11:
  81 0050 0E94 0000 		call debug_tx_nl
  82 0054 88EE      		ldi r24,lo8(1000)
  83 0056 93E0      		ldi r25,hi8(1000)
  84               	.LVL3:
  85               	.L2:
  86               	.LBB19:
  87               	.LBB18:
  88               	.LBB17:
  89               	.LBB16:
  90               	.LM12:
  91 0058 FE01      		movw r30,r28
  92               	.LVL4:
  93               	/* #APP */
  94               	 ;  105 "c:/winavr-20100110/lib/gcc/../../avr/include/util/delay_basic.h" 1
  95 005a 3197      		1: sbiw r30,1
  96 005c 01F4      		brne 1b
  97               	 ;  0 "" 2
  98               	/* #NOAPP */
  99               	.LBE16:
 100               	.LBE17:
 101               	.LM13:
 102 005e 0197      		sbiw r24,1
 103               	.LM14:
 104 0060 01F4      		brne .L2
 105 0062 00C0      		rjmp .L3
 106               	.LBE18:
 107               	.LBE19:
 108               	.LFE8:
 134               	.Letext0:
DEFINED SYMBOLS
                            *ABS*:00000000 main.c
C:\Users\FARIDU~1\AppData\Local\Temp/ccxBh7Cf.s:2      *ABS*:0000003f __SREG__
C:\Users\FARIDU~1\AppData\Local\Temp/ccxBh7Cf.s:3      *ABS*:0000003e __SP_H__
C:\Users\FARIDU~1\AppData\Local\Temp/ccxBh7Cf.s:4      *ABS*:0000003d __SP_L__
C:\Users\FARIDU~1\AppData\Local\Temp/ccxBh7Cf.s:5      *ABS*:00000034 __CCP__
C:\Users\FARIDU~1\AppData\Local\Temp/ccxBh7Cf.s:6      *ABS*:00000000 __tmp_reg__
C:\Users\FARIDU~1\AppData\Local\Temp/ccxBh7Cf.s:7      *ABS*:00000001 __zero_reg__
C:\Users\FARIDU~1\AppData\Local\Temp/ccxBh7Cf.s:22     .text:00000000 main

UNDEFINED SYMBOLS
MPU6050_Init
debug_init
Servo_Init
debug_tx_text_nl
I2C_Read_Register
debug_tx_number_cm
MPU6050_Read_Roll_Angle_Safely
debug_tx_nl
__do_copy_data
